<?xml version='1.0' encoding='UTF-8'?>
<testsuite hostname="Darwins-MacBook-Pro.local" name="taglessFinal.CBNTests" tests="4" errors="0" failures="0" skipped="0" time="0.011" timestamp="2026-06-26T14:16:26">
          <properties>
[...]
</properties>
          <testcase classname="taglessFinal.CBNTests" name="CBN CPS evaluates identity application" time="0.008">
                      
                    </testcase><testcase classname="taglessFinal.CBNTests" name="CBN CPS evaluates arithmetic" time="0.003">
                      
                    </testcase><testcase classname="taglessFinal.CBNTests" name="CBN CPS evaluates conditionals" time="0.0">
                      
                    </testcase><testcase classname="taglessFinal.CBNTests" name="CBN CPS does not evaluate unused divergent argument" time="0.0">
                      
                    </testcase>
          <system-out><![CDATA[]]></system-out>
          <system-err><![CDATA[]]></system-err>
        </testsuite>